<?xml version="1.0" encoding="UTF-8"?>
<testng-results ignored="0" total="1" passed="1" failed="0" skipped="0">
  <reporter-output>
  </reporter-output>
  <suite started-at="2024-04-11T12:53:18 IST" name="Default suite" finished-at="2024-04-11T12:54:01 IST" duration-ms="43100">
    <groups>
    </groups>
    <test started-at="2024-04-11T12:53:18 IST" name="Default test" finished-at="2024-04-11T12:54:01 IST" duration-ms="43100">
      <class name="firstLessons.PelotonApp">
        <test-method is-config="true" signature="configureAppium()[pri:0, instance:firstLessons.PelotonApp@21282ed8]" started-at="2024-04-11T12:53:18 IST" name="configureAppium" finished-at="2024-04-11T12:54:00 IST" duration-ms="41961" status="PASS">
          <reporter-output>
          </reporter-output>
        </test-method> <!-- configureAppium -->
        <test-method signature="pelotonApp()[pri:0, instance:firstLessons.PelotonApp@21282ed8]" started-at="2024-04-11T12:54:00 IST" name="pelotonApp" finished-at="2024-04-11T12:54:00 IST" duration-ms="11" status="PASS">
          <reporter-output>
          </reporter-output>
        </test-method> <!-- pelotonApp -->
        <test-method is-config="true" signature="tearDown()[pri:0, instance:firstLessons.PelotonApp@21282ed8]" started-at="2024-04-11T12:54:00 IST" name="tearDown" finished-at="2024-04-11T12:54:01 IST" duration-ms="1074" status="PASS">
          <reporter-output>
          </reporter-output>
        </test-method> <!-- tearDown -->
      </class> <!-- firstLessons.PelotonApp -->
    </test> <!-- Default test -->
  </suite> <!-- Default suite -->
</testng-results>
